Traceback (most recent call last):
  File "/Volumes/samsang/workflow/一站式v7/contract_review_poc_ui_dynamic_gap_no_bottom_comments/app.py", line 120, in <module>
    raise SystemExit(main())
                     ~~~~^^
  File "/Volumes/samsang/workflow/一站式v7/contract_review_poc_ui_dynamic_gap_no_bottom_comments/app.py", line 88, in main
    clauses = runner.run_clause_splitter(segment)
  File "/Volumes/samsang/workflow/一站式v7/contract_review_poc_ui_dynamic_gap_no_bottom_comments/src/workflow_runner.py", line 31, in run_clause_splitter
    response = self.clause_client.run_workflow(
        inputs={
    ...<5 lines>...
        response_mode="blocking",
    )
  File "/Volumes/samsang/workflow/一站式v7/contract_review_poc_ui_dynamic_gap_no_bottom_comments/src/dify_client.py", line 42, in run_workflow
    response = requests.post(url, headers=headers, json=payload, timeout=self.timeout_seconds)
  File "/Volumes/samsang/workflow/contract_review_poc/.venv/lib/python3.14/site-packages/requests/api.py", line 115, in post
    return request("post", url, data=data, json=json, **kwargs)
  File "/Volumes/samsang/workflow/contract_review_poc/.venv/lib/python3.14/site-packages/requests/api.py", line 59, in request
    return session.request(method=method, url=url, **kwargs)
           ~~~~~~~~~~~~~~~^^^^^^^^^^^^^^^^^^^^^^^^^^^^^^^^^^
  File "/Volumes/samsang/workflow/contract_review_poc/.venv/lib/python3.14/site-packages/requests/sessions.py", line 589, in request
    resp = self.send(prep, **send_kwargs)
  File "/Volumes/samsang/workflow/contract_review_poc/.venv/lib/python3.14/site-packages/requests/sessions.py", line 703, in send
    r = adapter.send(request, **kwargs)
  File "/Volumes/samsang/workflow/contract_review_poc/.venv/lib/python3.14/site-packages/requests/adapters.py", line 644, in send
    resp = conn.urlopen(
        method=request.method,
    ...<9 lines>...
        chunked=chunked,
    )
  File "/Volumes/samsang/workflow/contract_review_poc/.venv/lib/python3.14/site-packages/urllib3/connectionpool.py", line 787, in urlopen
    response = self._make_request(
        conn,
    ...<10 lines>...
        **response_kw,
    )
  File "/Volumes/samsang/workflow/contract_review_poc/.venv/lib/python3.14/site-packages/urllib3/connectionpool.py", line 534, in _make_request
    response = conn.getresponse()
  File "/Volumes/samsang/workflow/contract_review_poc/.venv/lib/python3.14/site-packages/urllib3/connection.py", line 571, in getresponse
    httplib_response = super().getresponse()
  File "/opt/homebrew/Cellar/python@3.14/3.14.2/Frameworks/Python.framework/Versions/3.14/lib/python3.14/http/client.py", line 1450, in getresponse
    response.begin()
    ~~~~~~~~~~~~~~^^
  File "/opt/homebrew/Cellar/python@3.14/3.14.2/Frameworks/Python.framework/Versions/3.14/lib/python3.14/http/client.py", line 336, in begin
    version, status, reason = self._read_status()
                              ~~~~~~~~~~~~~~~~~^^
  File "/opt/homebrew/Cellar/python@3.14/3.14.2/Frameworks/Python.framework/Versions/3.14/lib/python3.14/http/client.py", line 297, in _read_status
    line = str(self.fp.readline(_MAXLINE + 1), "iso-8859-1")
               ~~~~~~~~~~~~~~~~^^^^^^^^^^^^^^
  File "/opt/homebrew/Cellar/python@3.14/3.14.2/Frameworks/Python.framework/Versions/3.14/lib/python3.14/socket.py", line 725, in readinto
    return self._sock.recv_into(b)
           ~~~~~~~~~~~~~~~~~~~~^^^
KeyboardInterrupt
