[1/6] Extracting DOCX text...
[2/6] Cleaning text...
[3/6] Splitting top-level segments...
Segments: 21 | heading_style=chinese
[4/6] Running clause splitter workflow for each segment...
  - segment_1 一、合同文件
  - segment_2 二、合同范围和条件
  - segment_3 三、采购服务信息
  - segment_4 四、合同金额
  - segment_5 五、服务时间和地点
  - segment_6 六、服务质量标准
  - segment_7 七、验收办法
  - segment_8 八、付款方式（二种方式，选择一种，正式合同中须删除此处填写说明）
  - segment_9 九、履约保证金
  - segment_10 十、所有权归属
  - segment_11 十一、售后服务及承诺
  - segment_12 十二、知识产权
  - segment_13 十三、甲方责任
  - segment_14 十四、乙方责任
  - segment_15 十五、违约责任
  - segment_16 十六、不可抗力
  - segment_17 十七、保密
  - segment_18 十八、合同解除
  - segment_19 十九、通知与送达
  - segment_20 二十、争议解决
  - segment_21 二十一、合同生效及其他
