[1/6] Extracting DOCX text...
[2/6] Cleaning text...
[3/6] Splitting top-level segments...
Segments: 11 | heading_style=chinese
[4/6] Running clause splitter workflow for each segment...
  - segment_1 一、服务内容、形式和要求
  - segment_2 二、项目团队要求
  - segment_3 三、甲方权利义务
  - segment_4 四、乙方权利义务
  - segment_5 五、合同价款及支付
  - segment_6 六、违约责任
  - segment_7 七、知识产权
  - segment_8 八、不可抗力
  - segment_9 九、保密条款
  - segment_10 十、争端的解决方法
  - segment_11 十一、合同生效及其他
Merged clauses: 67
[5/6] Running risk reviewer workflow...
[6/6] Validating risk result...
Run complete. Outputs saved under: /Volumes/samsang/workflow/一站式v7/contract_review_poc_ui_dynamic_gap_no_bottom_comments/data/runs/web_20260311_141749_5b9cf5
