{
  "output_docx": "/Volumes/samsang/workflow/一站式v7/contract_review_poc_ui_dynamic_gap_no_bottom_comments/data/runs/web_20260311_141749_5b9cf5/reviewed_comments.docx",
  "added_comments": 6,
  "unmatched": [
    {
      "risk_id": 1,
      "clause_uid": "segment_3::3.3",
      "display_clause_id": "3.3",
      "risk_label": "违约金无上限且判断标准模糊"
    }
  ],
  "comments": [
    {
      "comment_id": 5,
      "risk_id": 2,
      "paragraph_index": 70,
      "matched_text": "乙方在服务过程中由于乙方原因出现重大安全责任事故的，乙方应向甲方支付合同总额 ％的违约金；",
      "clause_uid": "segment_6::6.4.1",
      "display_clause_id": "6.4.1"
    },
    {
      "comment_id": 6,
      "risk_id": 3,
      "paragraph_index": 69,
      "matched_text": "乙方未能按本合同约定要求提供周到、及时服务，应向甲方承担违约责任，应向甲方支付违约金，即合同总额 5 %。",
      "clause_uid": "segment_6::6.3",
      "display_clause_id": "6.3"
    },
    {
      "comment_id": 7,
      "risk_id": 4,
      "paragraph_index": 97,
      "matched_text": "在合同履行过程中，实际情况发生根本性变化，直接导致乙方不能全部或部分执行项目时，",
      "clause_uid": "segment_11::11.6.1",
      "display_clause_id": "11.6.1"
    },
    {
      "comment_id": 8,
      "risk_id": 5,
      "paragraph_index": 87,
      "matched_text": "1. 依法向甲方所在地人民法院起诉；",
      "clause_uid": "segment_10::10.2",
      "display_clause_id": "10.2"
    },
    {
      "comment_id": 9,
      "risk_id": 6,
      "paragraph_index": 44,
      "matched_text": "注：以上人员均要求在投标单位正常参保。\"、\"户名： 浙江永鼎律师事务所",
      "clause_uid": "segment_2::2.u1",
      "display_clause_id": "2.u1"
    },
    {
      "comment_id": 10,
      "risk_id": 7,
      "paragraph_index": 72,
      "matched_text": "由乙方组织实施的本项目中的所有文件、资料、数据信息等，其所有权均属甲方所有。",
      "clause_uid": "segment_7::7.1",
      "display_clause_id": "7.1"
    }
  ],
  "missing_clause_skipped_count": 0,
  "missing_clause_items": []
}
